<?xml version="1.0" encoding="UTF-8"?>
<testsuite xmlns:xsi="http://www.w3.org/2001/XMLSchema-instance" xsi:noNamespaceSchemaLocation="https://maven.apache.org/surefire/maven-failsafe-plugin/xsd/failsafe-test-report.xsd" name="jar.AcceptanceTestSuite" time="15.082" tests="24" errors="1" skipped="0" failures="0">
  <properties>
[...]
</properties>
  <testcase name="BeforeStories" classname="java.lang.Object" time="0.195"/>
  <testcase name="Given the user try to call API to find country using country code [countryCode]" classname="jar.steps.APIDefinitionSteps" time="6.863"/>
  <testcase name="Given the user try to call API to find country using country code [countryCode]" classname="jar.steps.APIDefinitionSteps" time="0.007"/>
  <testcase name="Given the user try to call API to find country using country code [countryCode]" classname="jar.steps.APIDefinitionSteps" time="0.008"/>
  <testcase name="Given the user try to call API to find country using country code [countryCode]" classname="jar.steps.APIDefinitionSteps" time="0.015"/>
  <testcase name="Given the user try to call API to find country using country code [countryCode]" classname="jar.steps.APIDefinitionSteps" time="0.005"/>
  <testcase name="Given the user try to call API to find country using country code [countryCode]" classname="jar.steps.APIDefinitionSteps" time="0.007"/>
  <testcase name="When the user search is executed successfully" classname="jar.steps.APIDefinitionSteps" time="0.432"/>
  <testcase name="When the user search is executed successfully" classname="jar.steps.APIDefinitionSteps" time="0.261"/>
  <testcase name="When the user search is executed successfully" classname="jar.steps.APIDefinitionSteps" time="0.229"/>
  <testcase name="When the user search is executed successfully" classname="jar.steps.APIDefinitionSteps" time="0.234"/>
  <testcase name="When the user search is executed successfully" classname="jar.steps.APIDefinitionSteps" time="0.223"/>
  <testcase name="When the user search is executed successfully" classname="jar.steps.APIDefinitionSteps" time="0.213"/>
  <testcase name="Then user should find country [countryName]" classname="jar.steps.APIDefinitionSteps" time="0.06"/>
  <testcase name="Then user should find country [countryName]" classname="jar.steps.APIDefinitionSteps" time="0.04"/>
  <testcase name="Then user should find country [countryName]" classname="jar.steps.APIDefinitionSteps" time="0.04"/>
  <testcase name="Then user should find country [countryName]" classname="jar.steps.APIDefinitionSteps" time="0.036"/>
  <testcase name="Then user should find country [countryName]" classname="jar.steps.APIDefinitionSteps" time="0.031"/>
  <testcase name="Then user should find country [countryName]" classname="jar.steps.APIDefinitionSteps" time="0.023"/>
  <testcase name="Scenario: Verifu tha twe can find the country using country code" classname="Scenario: Verifu tha twe can find the country using country code" time="0.049"/>
  <testcase name="Scenario: Verifu tha twe can find the country using country code" classname="Scenario: Verifu tha twe can find the country using country code" time="0.025"/>
  <testcase name="demo_api.story" classname="demo_api.story" time="0.029"/>
  <testcase name="AfterStories" classname="java.lang.Object" time="0.002"/>
  <testcase name="jar.AcceptanceTestSuite" classname="org.apache.maven.surefire.junit4.JUnit4Provider" time="1.609">
    <error message="Field DayOfYear cannot be printed as the value 100 exceeds the maximum print width of 2" type="net.serenitybdd.core.exceptions.SerenityManagedException">net.serenitybdd.core.exceptions.SerenityManagedException: Field DayOfYear cannot be printed as the value 100 exceeds the maximum print width of 2
	at org.apache.maven.surefire.junit4.JUnit4Provider.execute(JUnit4Provider.java:365)
	at org.apache.maven.surefire.junit4.JUnit4Provider.executeWithRerun(JUnit4Provider.java:273)
	at org.apache.maven.surefire.junit4.JUnit4Provider.executeTestSet(JUnit4Provider.java:238)
	at org.apache.maven.surefire.junit4.JUnit4Provider.invoke(JUnit4Provider.java:159)
</error>
    <system-out><![CDATA[
Generating reports view to '/Users/appfactory/Documents/workspace/euexit-api-bdd/target/jbehave' using formats '[stats, console, html, xml, serenityreporter, junitscenarioreporter]' and view properties '{decorateNonHtml=true}'
Reports view generated with 2 stories (of which 0 pending) containing 2 scenarios (of which 0 pending)
]]></system-out>
  </testcase>
</testsuite>